2024-03-31 00:13:34.381 [pool-3-thread-1] INFO  com.rs.mv.mvvs.client.catalog.from.scan.CurrentPathScanner - [client:400205]scan file in current open file directory(C:/Users/Yonier Zapata A/Documents/cybersherlock-backend)
2024-03-31 00:13:40.918 [pool-3-thread-1] INFO  com.rs.mv.mvvs.client.catalog.from.scan.CurrentPathScanner - [client:400205]scan file in current open file directory(C:/Users/Yonier Zapata A/Documents/cybersherlock-backend/src/controllers)
2024-03-31 00:13:43.358 [pool-3-thread-1] INFO  com.rs.mv.mvvs.client.catalog.from.scan.CurrentPathScanner - [client:400205]scan file in current open file directory(C:/Users/Yonier Zapata A/Documents/cybersherlock-backend)
2024-03-31 00:14:03.077 [pool-3-thread-1] INFO  com.rs.mv.mvvs.client.catalog.from.scan.CurrentPathScanner - [client:400205]scan file in current open file directory(C:/Users/Yonier Zapata A/Documents/cybersherlock-backend/src/models)
2024-03-31 00:17:55.978 [pool-3-thread-1] INFO  com.rs.mv.mvvs.client.catalog.from.scan.CurrentPathScanner - [client:400205]scan file in current open file directory(C:/Users/Yonier Zapata A/Documents/cybersherlock-backend/src/controllers)
2024-03-31 00:19:36.025 [pool-3-thread-1] INFO  com.rs.mv.mvvs.client.catalog.from.scan.CurrentPathScanner - [client:400205]scan file in current open file directory(C:/Users/Yonier Zapata A/Documents/cybersherlock-backend)
2024-03-31 00:19:51.100 [pool-3-thread-1] INFO  com.rs.mv.mvvs.client.catalog.from.scan.CurrentPathScanner - [client:400205]scan file in current open file directory(C:/Users/Yonier Zapata A/Documents/cybersherlock-backend)
2024-03-31 00:19:58.666 [pool-3-thread-1] INFO  com.rs.mv.mvvs.client.catalog.from.scan.CurrentPathScanner - [client:400205]scan file in current open file directory(C:/Users/Yonier Zapata A/Documents/cybersherlock-backend/src/controllers)
2024-03-31 00:20:00.079 [pool-3-thread-1] INFO  com.rs.mv.mvvs.client.catalog.from.scan.CurrentPathScanner - [client:400205]scan file in current open file directory(C:/Users/Yonier Zapata A/Documents/cybersherlock-backend/src/models)
2024-03-31 00:20:05.899 [pool-3-thread-1] INFO  com.rs.mv.mvvs.client.catalog.from.scan.CurrentPathScanner - [client:400205]scan file in current open file directory(C:/Users/Yonier Zapata A/Documents/cybersherlock-backend/src/controllers)
2024-03-31 00:20:29.232 [pool-3-thread-1] INFO  com.rs.mv.mvvs.client.catalog.from.scan.CurrentPathScanner - [client:400205]scan file in current open file directory(C:/Users/Yonier Zapata A/Documents/cybersherlock-backend/src/routes)
2024-03-31 00:20:37.188 [pool-3-thread-1] INFO  com.rs.mv.mvvs.client.catalog.from.scan.CurrentPathScanner - [client:400205]scan file in current open file directory(C:/Users/Yonier Zapata A/Documents/cybersherlock-backend/src/controllers)
2024-03-31 00:34:59.896 [pool-3-thread-1] INFO  com.rs.mv.mvvs.client.catalog.from.scan.CurrentPathScanner - [client:400205]scan file in current open file directory(C:/Users/Yonier Zapata A/Documents/cybersherlock-backend)
2024-03-31 00:36:42.665 [pool-3-thread-1] INFO  com.rs.mv.mvvs.client.catalog.from.scan.CurrentPathScanner - [client:400205]scan file in current open file directory(C:/Users/Yonier Zapata A/Documents/cybersherlock-backend)
2024-03-31 01:02:12.758 [pool-3-thread-1] INFO  com.rs.mv.mvvs.client.catalog.from.scan.CurrentPathScanner - [client:400205]scan file in current open file directory(C:/Users/Yonier Zapata A/Documents/cybersherlock-backend)
2024-03-31 01:02:30.074 [pool-3-thread-1] INFO  com.rs.mv.mvvs.client.catalog.from.scan.CurrentPathScanner - [client:400205]scan file in current open file directory(C:/Users/Yonier Zapata A/Documents/cybersherlock-backend)
2024-03-31 01:02:31.920 [pool-3-thread-1] INFO  com.rs.mv.mvvs.client.catalog.from.scan.CurrentPathScanner - [client:400205]scan file in current open file directory(C:/Users/Yonier Zapata A/Documents/cybersherlock-backend/src/controllers)
2024-03-31 18:39:46.410 [pool-3-thread-1] INFO  com.rs.mv.mvvs.client.catalog.from.scan.CurrentPathScanner - [client:400205]scan file in current open file directory(C:/Users/Yonier Zapata A/Documents/cybersherlock-backend)
2024-03-31 18:44:04.240 [pool-3-thread-1] INFO  com.rs.mv.mvvs.client.catalog.from.scan.CurrentPathScanner - [client:400205]scan file in current open file directory(C:/Users/Yonier Zapata A/Documents/cybersherlock-backend/src/controllers)
2024-03-31 19:03:32.712 [pool-3-thread-1] INFO  com.rs.mv.mvvs.client.catalog.from.scan.CurrentPathScanner - [client:400205]scan file in current open file directory(C:/Users/Yonier Zapata A/Documents/cybersherlock-backend)
2024-03-31 19:03:45.514 [pool-3-thread-1] INFO  com.rs.mv.mvvs.client.catalog.from.scan.CurrentPathScanner - [client:400205]scan file in current open file directory(C:/Users/Yonier Zapata A/Documents/cybersherlock-backend)
2024-03-31 19:04:06.487 [pool-3-thread-1] INFO  com.rs.mv.mvvs.client.catalog.from.scan.CurrentPathScanner - [client:400205]scan file in current open file directory(C:/Users/Yonier Zapata A/Documents/cybersherlock-backend/src/controllers)
2024-03-31 21:44:52.216 [pool-3-thread-1] INFO  com.rs.mv.mvvs.client.catalog.from.scan.CurrentPathScanner - [client:400205]scan file in current open file directory(C:/Users/Yonier Zapata A/Documents/cybersherlock-backend/uploads/6609fa41bbfe65c8c47e2c04)
2024-03-31 21:46:29.393 [pool-3-thread-1] INFO  com.rs.mv.mvvs.client.catalog.from.scan.CurrentPathScanner - [client:400205]scan file in current open file directory(C:/Users/Yonier Zapata A/Documents/cybersherlock-backend/uploads/6608bfcde46b56e71ffeadf1)
2024-03-31 21:46:33.480 [pool-3-thread-1] INFO  com.rs.mv.mvvs.client.catalog.from.scan.CurrentPathScanner - [client:400205]scan file in current open file directory(C:/Users/Yonier Zapata A/Documents/cybersherlock-backend/src/controllers)
2024-03-31 21:46:36.856 [pool-3-thread-1] INFO  com.rs.mv.mvvs.client.catalog.from.scan.CurrentPathScanner - [client:400205]scan file in current open file directory(C:/Users/Yonier Zapata A/Documents/cybersherlock-backend/uploads/6609fa41bbfe65c8c47e2c04)
2024-03-31 21:46:48.381 [pool-3-thread-1] INFO  com.rs.mv.mvvs.client.catalog.from.scan.CurrentPathScanner - [client:400205]scan file in current open file directory(C:/Users/Yonier Zapata A/Documents/cybersherlock-backend/src/controllers)
2024-03-31 22:08:56.166 [pool-3-thread-1] INFO  com.rs.mv.mvvs.client.catalog.from.scan.CurrentPathScanner - [client:400205]scan file in current open file directory(C:/Users/Yonier Zapata A/Documents/cybersherlock-backend/uploads/660a25362cd69d58188f6ded)
2024-03-31 22:10:16.132 [pool-3-thread-1] INFO  com.rs.mv.mvvs.client.catalog.from.scan.CurrentPathScanner - [client:400205]scan file in current open file directory(C:/Users/Yonier Zapata A/Documents/cybersherlock-backend/src/controllers)
2024-03-31 22:56:28.450 [main] WARN  com.rs.mv.mvvs.Startup - [LSP:100104]ROCKET MV BASIC EXTENSION exited
